Using pre-set license
Built from '2020.2/release' branch; Version is '2020.2.2f1 (068178b99f32) revision 426360'; Using compiler version '192528614'; Build Type 'Release'
OS: 'Windows 10 Pro; OS build 17134.1304; Version 1803; 64bit' Language: 'ru' Physical Memory: 16336 MB
BatchMode: 1, IsHumanControllingUs: 0, StartBugReporterOnCrash: 0, Is64bit: 1, IsPro: 0

 COMMAND LINE ARGUMENTS:
C:\Program Files\Unity3D\2020.2.2f1\Editor\Unity.exe
-adb2
-batchMode
-noUpm
-name
AssetImportWorker0
-projectPath
D:/UnityProjects/Collect-2048
-logFile
Logs/AssetImportWorker0.log
-srvPort
55843
Successfully changed project path to: D:/UnityProjects/Collect-2048
D:/UnityProjects/Collect-2048
Using Asset Import Pipeline V2.
Refreshing native plugins compatible for Editor in 100.02 ms, found 0 plugins.
Preloading 0 native plugins for Editor in 0.00 ms.
Initialize engine version: 2020.2.2f1 (068178b99f32)
[Subsystems] Discovering subsystems at path C:/Program Files/Unity3D/2020.2.2f1/Editor/Data/Resources/UnitySubsystems
[Subsystems] Discovering subsystems at path D:/UnityProjects/Collect-2048/Assets
GfxDevice: creating device client; threaded=0
Direct3D:
    Version:  Direct3D 11.0 [level 11.1]
    Renderer: NVIDIA GeForce GTX 1050 Ti (ID=0x1c82)
    Vendor:   
    VRAM:     4018 MB
    Driver:   26.21.14.3200
Shader 'Universal Render Pipeline/Particles/Lit': fallback shader 'Universal Render Pipeline/Particles/SimpleLit' not found
Initialize mono
Mono path[0] = 'C:/Program Files/Unity3D/2020.2.2f1/Editor/Data/Managed'
Mono path[1] = 'C:/Program Files/Unity3D/2020.2.2f1/Editor/Data/MonoBleedingEdge/lib/mono/unityjit'
Mono config path = 'C:/Program Files/Unity3D/2020.2.2f1/Editor/Data/MonoBleedingEdge/etc'
Using monoOptions --debugger-agent=transport=dt_socket,embedding=1,server=y,suspend=n,address=127.0.0.1:56260
Begin MonoManager ReloadAssembly
Registering precompiled unity dll's ...
Register platform support module: C:/Program Files/Unity3D/2020.2.2f1/Editor/Data/PlaybackEngines/WindowsStandaloneSupport/UnityEditor.WindowsStandalone.Extensions.dll
Registered in 0.002663 seconds.
Native extension for WindowsStandalone target not found
Refreshing native plugins compatible for Editor in 64.66 ms, found 0 plugins.
Preloading 0 native plugins for Editor in 0.00 ms.
Invoked RoslynAnalysisRunner static constructor.
RoslynAnalysisRunner will not be running.
RoslynAnalysisRunner has terminated.
Mono: successfully reloaded assembly
- Completed reload, in  3.114 seconds
Platform modules already initialized, skipping
Registering precompiled user dll's ...
Registered in 0.017616 seconds.
Begin MonoManager ReloadAssembly
Native extension for WindowsStandalone target not found
Refreshing native plugins compatible for Editor in 68.32 ms, found 0 plugins.
Preloading 0 native plugins for Editor in 0.00 ms.
Invoked RoslynAnalysisRunner static constructor.
RoslynAnalysisRunner will not be running.
RoslynAnalysisRunner has terminated.
Mono: successfully reloaded assembly
- Completed reload, in  1.483 seconds
Platform modules already initialized, skipping
========================================================================
Worker process is ready to serve import requests
Shader 'Universal Render Pipeline/Particles/Lit': fallback shader 'Universal Render Pipeline/Particles/SimpleLit' not found
Launched and connected shader compiler UnityShaderCompiler.exe after 0.05 seconds
Refreshing native plugins compatible for Editor in 1.46 ms, found 0 plugins.
Preloading 0 native plugins for Editor in 0.00 ms.
Unloading 2669 Unused Serialized files (Serialized files now loaded: 0)
System memory in use before: 122.2 MB.
System memory in use after: 122.4 MB.

Unloading 132 unused Assets to reduce memory usage. Loaded Objects now: 3022.
Total: 2.630387 ms (FindLiveObjects: 0.272950 ms CreateObjectMapping: 0.127654 ms MarkObjects: 2.099563 ms  DeleteObjects: 0.129258 ms)

========================================================================
Received Import Request.
  path: Assets/UniversalRenderPipelineAsset_Renderer.asset
  artifactKey: Guid(ae51e37c0f207f849a0ea27a6be61410) Importer(815301076,1909f56bfc062723c751e8b465ee728b)
Start importing Assets/UniversalRenderPipelineAsset_Renderer.asset using Guid(ae51e37c0f207f849a0ea27a6be61410) Importer(815301076,1909f56bfc062723c751e8b465ee728b)  -> (artifact id: 'feac6a151df4b5ba95099fbc00f5575e') in 0.045267 seconds
  Import took 0.050733 seconds .

========================================================================
Received Import Request.
  Time since last request: 0.000285 seconds.
  path: Assets/CFXM_Firework.prefab
  artifactKey: Guid(4c7e29b3646b436489a8a75f688a24ef) Importer(815301076,1909f56bfc062723c751e8b465ee728b)
Start importing Assets/CFXM_Firework.prefab using Guid(4c7e29b3646b436489a8a75f688a24ef) Importer(815301076,1909f56bfc062723c751e8b465ee728b)  -> (artifact id: 'ebad027f7916749fc79044e4ba4c56c0') in 0.030260 seconds
  Import took 0.034974 seconds .

========================================================================
Received Import Request.
  Time since last request: 0.000283 seconds.
  path: Assets/UniversalRenderPipelineAsset.asset
  artifactKey: Guid(6228760695b2605458315e0208e55a14) Importer(815301076,1909f56bfc062723c751e8b465ee728b)
Start importing Assets/UniversalRenderPipelineAsset.asset using Guid(6228760695b2605458315e0208e55a14) Importer(815301076,1909f56bfc062723c751e8b465ee728b)  -> (artifact id: '0bd0b21f96d5e1d39f441de2a7da0a53') in 0.010982 seconds
  Import took 0.015941 seconds .

========================================================================
Received Import Request.
  Time since last request: 11.514552 seconds.
  path: Assets/Prefabs
  artifactKey: Guid(afd3e72cc0c079f41bf58facc9ed41cb) Importer(815301076,1909f56bfc062723c751e8b465ee728b)
Start importing Assets/Prefabs using Guid(afd3e72cc0c079f41bf58facc9ed41cb) Importer(815301076,1909f56bfc062723c751e8b465ee728b)  -> (artifact id: '19399bdf98f7f1c66512ae215f75c76b') in 0.026207 seconds
  Import took 0.030937 seconds .

========================================================================
Received Import Request.
  Time since last request: 0.029791 seconds.
  path: Assets/Prefabs/LevelBtn.prefab
  artifactKey: Guid(dfbd910b06331ad4f9228166b1e04f69) Importer(815301076,1909f56bfc062723c751e8b465ee728b)
Start importing Assets/Prefabs/LevelBtn.prefab using Guid(dfbd910b06331ad4f9228166b1e04f69) Importer(815301076,1909f56bfc062723c751e8b465ee728b)  -> (artifact id: 'fad1e8ccd67a9b7208e76aec386184de') in 1.038286 seconds
  Import took 1.044070 seconds .

========================================================================
Received Import Request.
  Time since last request: 0.000089 seconds.
  path: Assets/Prefabs/OtherCube.prefab
  artifactKey: Guid(20ce3577db4ad124ea441dc105676419) Importer(815301076,1909f56bfc062723c751e8b465ee728b)
Start importing Assets/Prefabs/OtherCube.prefab using Guid(20ce3577db4ad124ea441dc105676419) Importer(815301076,1909f56bfc062723c751e8b465ee728b)  -> (artifact id: 'd642dc41edde5b27f49ee232741a062f') in 0.073580 seconds
  Import took 0.080302 seconds .

========================================================================
Received Import Request.
  Time since last request: 0.000348 seconds.
  path: Assets/Prefabs/LevelBtn.prefab
  artifactKey: Guid(dfbd910b06331ad4f9228166b1e04f69) Importer(815301076,1909f56bfc062723c751e8b465ee728b)
Start importing Assets/Prefabs/LevelBtn.prefab using Guid(dfbd910b06331ad4f9228166b1e04f69) Importer(815301076,1909f56bfc062723c751e8b465ee728b)  -> (artifact id: 'fad1e8ccd67a9b7208e76aec386184de') in 0.018162 seconds
  Import took 0.023139 seconds .

========================================================================
Received Import Request.
  Time since last request: 0.000216 seconds.
  path: Assets/Prefabs/Wall.prefab
  artifactKey: Guid(51999db36520dcb459ff995da2dab1e5) Importer(815301076,1909f56bfc062723c751e8b465ee728b)
Start importing Assets/Prefabs/Wall.prefab using Guid(51999db36520dcb459ff995da2dab1e5) Importer(815301076,1909f56bfc062723c751e8b465ee728b)  -> (artifact id: '4317a8fb1875ae598383ba66986765ce') in 0.028119 seconds
  Import took 0.033045 seconds .

========================================================================
Received Import Request.
  Time since last request: 13.293473 seconds.
  path: Assets/Scripts
  artifactKey: Guid(b29930c7dc4c230469118de372151b30) Importer(815301076,1909f56bfc062723c751e8b465ee728b)
Start importing Assets/Scripts using Guid(b29930c7dc4c230469118de372151b30) Importer(815301076,1909f56bfc062723c751e8b465ee728b)  -> (artifact id: '949f5ea9e766c2ea50e735ff49cb3140') in 0.009880 seconds
  Import took 0.014805 seconds .

========================================================================
Received Import Request.
  Time since last request: 20.800722 seconds.
  path: Assets/Scripts/PlayerManager.cs
  artifactKey: Guid(a7455ac8657314749b460c2cc8caa004) Importer(815301076,1909f56bfc062723c751e8b465ee728b)
Start importing Assets/Scripts/PlayerManager.cs using Guid(a7455ac8657314749b460c2cc8caa004) Importer(815301076,1909f56bfc062723c751e8b465ee728b)  -> (artifact id: 'c9e157d37d037ec60e522c5c112e4f47') in 0.014129 seconds
  Import took 0.019919 seconds .

========================================================================
Received Import Request.
  Time since last request: 0.022456 seconds.
  path: Assets/Scripts/PlayerManager.cs
  artifactKey: Guid(a7455ac8657314749b460c2cc8caa004) Importer(815301076,1909f56bfc062723c751e8b465ee728b)
Start importing Assets/Scripts/PlayerManager.cs using Guid(a7455ac8657314749b460c2cc8caa004) Importer(815301076,1909f56bfc062723c751e8b465ee728b)  -> (artifact id: 'c9e157d37d037ec60e522c5c112e4f47') in 0.021718 seconds
  Import took 0.026715 seconds .

========================================================================
Received Import Request.
  Time since last request: 58.469555 seconds.
  path: Assets/Scripts/SwipeManager.cs
  artifactKey: Guid(9fc7298506b15594c9e0c1f3d79f280a) Importer(815301076,1909f56bfc062723c751e8b465ee728b)
Start importing Assets/Scripts/SwipeManager.cs using Guid(9fc7298506b15594c9e0c1f3d79f280a) Importer(815301076,1909f56bfc062723c751e8b465ee728b)  -> (artifact id: 'bec75cb029c3bf6054e4d2bc56e0c24b') in 0.012335 seconds
  Import took 0.018607 seconds .

AssetImportWorkerClient::OnTransportError - code=2 error=End of file
